<?xml version="1.0" encoding="UTF-8"?>
<!-- Generated by org.testng.reporters.JUnitReportReporter -->
<testsuite hostname="MSI" failures="0" tests="1" name="pomTests.LoginUserTC" time="11.583" errors="0" timestamp="2024-07-30T15:25:53 EDT" skipped="0">
  <testcase classname="pomTests.LoginUserTC" name="registerUSer" time="11.583"/>
  <system-out/>
</testsuite> <!-- pomTests.LoginUserTC -->
