<?xml version="1.0" encoding="UTF-8"?>
<!-- Generated by org.testng.reporters.JUnitReportReporter -->
<testsuite hostname="MSI" failures="0" tests="1" name="runningOnCloud.TestNGDemoTest" time="9.810" errors="0" timestamp="2024-07-30T01:24:26 EDT" skipped="0">
  <testcase classname="runningOnCloud.TestNGDemoTest" name="login" time="9.810"/>
  <system-out/>
</testsuite> <!-- runningOnCloud.TestNGDemoTest -->
