<?xml version="1.0" encoding="UTF-8"?>
<!-- Generated by org.testng.reporters.JUnitReportReporter -->
<testsuite hostname="MSI" failures="0" tests="1" name="pomTests.RegisterUserTC" time="16.527" errors="0" timestamp="2024-07-30T15:25:53 EDT" skipped="0">
  <testcase classname="pomTests.RegisterUserTC" name="registerUSer" time="16.527"/>
  <system-out/>
</testsuite> <!-- pomTests.RegisterUserTC -->
