<?xml version="1.0" encoding="UTF-8"?>
<!-- Generated by org.testng.reporters.JUnitReportReporter -->
<testsuite hostname="MSI" failures="0" tests="2" name="com.testng.linkedin.ConfigurationAnnotations_2_List" time="0.004" errors="0" timestamp="2024-07-18T17:21:16 EDT" skipped="0">
  <testcase classname="com.testng.linkedin.ConfigurationAnnotations_2_List" name="test2_JQueryDatePicker" time="0.002"/>
  <system-out/>
  <testcase classname="com.testng.linkedin.ConfigurationAnnotations_2_List" name="test1_BoostrapDatePicker" time="0.002"/>
  <system-out/>
</testsuite> <!-- com.testng.linkedin.ConfigurationAnnotations_2_List -->
