<?xml version="1.0" encoding="UTF-8"?>
<!-- Generated by org.testng.reporters.JUnitReportReporter -->
<testsuite hostname="MSI" failures="0" tests="1" name="com.testng.linkedin.ConfigurationAnnotations_1_DatePickers" time="0.007" errors="0" timestamp="2024-07-18T17:21:16 EDT" skipped="0">
  <testcase classname="com.testng.linkedin.ConfigurationAnnotations_1_DatePickers" name="test1_BoostrapDatePicker" time="0.007"/>
  <system-out/>
</testsuite> <!-- com.testng.linkedin.ConfigurationAnnotations_1_DatePickers -->
