<?xml version="1.0" encoding="UTF-8"?>
<!-- Generated by org.testng.reporters.JUnitReportReporter -->
<testsuite hostname="MSI" failures="0" tests="4" name="com.testng.SecondTestCase" time="0.014" errors="0" timestamp="2024-07-17T08:45:37 EDT" skipped="0">
  <testcase classname="com.testng.SecondTestCase" name="setUp" time="0.012"/>
  <testcase classname="com.testng.SecondTestCase" name="addCustomer" time="0.001"/>
  <testcase classname="com.testng.SecondTestCase" name="searchCustomer" time="0.001"/>
  <testcase classname="com.testng.SecondTestCase" name="teardown" time="0.000"/>
</testsuite> <!-- com.testng.SecondTestCase -->
