<?xml version="1.0" encoding="UTF-8"?>
<!-- Generated by org.testng.reporters.JUnitReportReporter -->
<testsuite hostname="MSI" failures="0" tests="3" name="com.testng.FirstTestCase" time="0.016" errors="0" timestamp="2024-07-17T09:54:50 EDT" skipped="0">
  <testcase classname="com.testng.FirstTestCase" name="setUp" time="0.014"/>
  <testcase classname="com.testng.FirstTestCase" name="login" time="0.001"/>
  <testcase classname="com.testng.FirstTestCase" name="teardown" time="0.001"/>
</testsuite> <!-- com.testng.FirstTestCase -->
